
*** Running vivado
    with args -log top.vds -m64 -product Vivado -mode batch -messageDb vivado.pb -notrace -source top.tcl


****** Vivado v2024.1 (64-bit)
  **** SW Build 5076996 on Wed May 22 18:36:09 MDT 2024
  **** IP Build 5075265 on Wed May 22 21:45:21 MDT 2024
  **** SharedData Build 5076995 on Wed May 22 18:29:18 MDT 2024
  **** Start of session at: Sun Jun 30 21:33:55 2024
    ** Copyright 1986-2022 Xilinx, Inc. All Rights Reserved.
    ** Copyright 2022-2024 Advanced Micro Devices, Inc. All Rights Reserved.

source top.tcl -notrace
create_project: Time (s): cpu = 00:00:06 ; elapsed = 00:00:07 . Memory (MB): peak = 1374.090 ; gain = 12.898 ; free physical = 1139 ; free virtual = 16711
Command: read_checkpoint -auto_incremental -incremental /home/ax/Desktop/my_work/DDAC/labs/lab2/vivado/lab2/lab2.srcs/utils_1/imports/synth_1/FourBitAdder.dcp
INFO: [Vivado 12-5825] Read reference checkpoint from /home/ax/Desktop/my_work/DDAC/labs/lab2/vivado/lab2/lab2.srcs/utils_1/imports/synth_1/FourBitAdder.dcp for incremental synthesis
INFO: [Vivado 12-7989] Please ensure there are no constraint changes
Command: synth_design -top top -part xc7a35tcpg236-1
Starting synth_design
Attempting to get a license for feature 'Synthesis' and/or device 'xc7a35t'
INFO: [Common 17-349] Got license for feature 'Synthesis' and/or device 'xc7a35t'
INFO: [Device 21-403] Loading part xc7a35tcpg236-1
INFO: [Device 21-9227] Part: xc7a35tcpg236-1 does not have CEAM library.
INFO: [Designutils 20-5440] No compile time benefit to using incremental synthesis; A full resynthesis will be run
INFO: [Designutils 20-4379] Flow is switching to default flow due to incremental criteria not met. If you would like to alter this behaviour and have the flow terminate instead, please set the following parameter config_implementation {autoIncr.Synth.RejectBehavior Terminate}
INFO: [Synth 8-7079] Multithreading enabled for synth_design using a maximum of 4 processes.
INFO: [Synth 8-7078] Launching helper process for spawning children vivado processes
INFO: [Synth 8-7075] Helper process launched with PID 94107
---------------------------------------------------------------------------------
Starting RTL Elaboration : Time (s): cpu = 00:00:03 ; elapsed = 00:00:04 . Memory (MB): peak = 2130.633 ; gain = 411.629 ; free physical = 203 ; free virtual = 15695
---------------------------------------------------------------------------------
INFO: [Synth 8-6157] synthesizing module 'top' [/home/ax/Desktop/my_work/DDAC/labs/lab2/vivado/lab2/vsrc/top.v:23]
INFO: [Synth 8-6157] synthesizing module 'FourBitAdder' [/home/ax/Desktop/my_work/DDAC/labs/lab2/vivado/lab2/vsrc/FourBitAdder.v:23]
INFO: [Synth 8-6157] synthesizing module 'FullAdder' [/home/ax/Desktop/my_work/DDAC/labs/lab2/vivado/lab2/vsrc/FullAdder.v:23]
INFO: [Synth 8-6155] done synthesizing module 'FullAdder' (0#1) [/home/ax/Desktop/my_work/DDAC/labs/lab2/vivado/lab2/vsrc/FullAdder.v:23]
INFO: [Synth 8-6155] done synthesizing module 'FourBitAdder' (0#1) [/home/ax/Desktop/my_work/DDAC/labs/lab2/vivado/lab2/vsrc/FourBitAdder.v:23]
INFO: [Synth 8-6157] synthesizing module 'Decoder' [/home/ax/Desktop/my_work/DDAC/labs/lab2/vivado/lab2/vsrc/Decoder.v:23]
INFO: [Synth 8-6155] done synthesizing module 'Decoder' (0#1) [/home/ax/Desktop/my_work/DDAC/labs/lab2/vivado/lab2/vsrc/Decoder.v:23]
INFO: [Synth 8-6157] synthesizing module 'tmux_4_1' [/home/ax/Desktop/my_work/DDAC/labs/lab2/vivado/lab2/vsrc/tmux_4_1.v:23]
INFO: [Synth 8-6157] synthesizing module 'multiplexer_2_1' [/home/ax/Desktop/my_work/DDAC/labs/lab2/vivado/lab2/vsrc/multiplexer_2_1.v:23]
INFO: [Synth 8-6155] done synthesizing module 'multiplexer_2_1' (0#1) [/home/ax/Desktop/my_work/DDAC/labs/lab2/vivado/lab2/vsrc/multiplexer_2_1.v:23]
INFO: [Synth 8-6155] done synthesizing module 'tmux_4_1' (0#1) [/home/ax/Desktop/my_work/DDAC/labs/lab2/vivado/lab2/vsrc/tmux_4_1.v:23]
WARNING: [Synth 8-689] width (3) of port connection 's' does not match port width (2) of module 'tmux_4_1' [/home/ax/Desktop/my_work/DDAC/labs/lab2/vivado/lab2/vsrc/top.v:34]
INFO: [Synth 8-6155] done synthesizing module 'top' (0#1) [/home/ax/Desktop/my_work/DDAC/labs/lab2/vivado/lab2/vsrc/top.v:23]
WARNING: [Synth 8-7129] Port tmuxs[2] in module top is either unconnected or has no load
---------------------------------------------------------------------------------
Finished RTL Elaboration : Time (s): cpu = 00:00:05 ; elapsed = 00:00:05 . Memory (MB): peak = 2206.602 ; gain = 487.598 ; free physical = 121 ; free virtual = 15597
---------------------------------------------------------------------------------
---------------------------------------------------------------------------------
Start Handling Custom Attributes
---------------------------------------------------------------------------------
---------------------------------------------------------------------------------
Finished Handling Custom Attributes : Time (s): cpu = 00:00:05 ; elapsed = 00:00:05 . Memory (MB): peak = 2221.445 ; gain = 502.441 ; free physical = 119 ; free virtual = 15595
---------------------------------------------------------------------------------
---------------------------------------------------------------------------------
Finished RTL Optimization Phase 1 : Time (s): cpu = 00:00:05 ; elapsed = 00:00:05 . Memory (MB): peak = 2221.445 ; gain = 502.441 ; free physical = 119 ; free virtual = 15595
---------------------------------------------------------------------------------
Netlist sorting complete. Time (s): cpu = 00:00:00 ; elapsed = 00:00:00 . Memory (MB): peak = 2221.445 ; gain = 0.000 ; free physical = 119 ; free virtual = 15595
INFO: [Project 1-570] Preparing netlist for logic optimization

Processing XDC Constraints
Initializing timing engine
Parsing XDC File [/home/ax/Desktop/my_work/DDAC/labs/lab2/vivado/lab2/lab2.srcs/constrs_1/new/Decoder_constr.xdc]
Finished Parsing XDC File [/home/ax/Desktop/my_work/DDAC/labs/lab2/vivado/lab2/lab2.srcs/constrs_1/new/Decoder_constr.xdc]
INFO: [Project 1-236] Implementation specific constraints were found while reading constraint file [/home/ax/Desktop/my_work/DDAC/labs/lab2/vivado/lab2/lab2.srcs/constrs_1/new/Decoder_constr.xdc]. These constraints will be ignored for synthesis but will be used in implementation. Impacted constraints are listed in the file [.Xil/top_propImpl.xdc].
Resolution: To avoid this warning, move constraints listed in [.Xil/top_propImpl.xdc] to another XDC file and exclude this new file from synthesis with the used_in_synthesis property (File Properties dialog in GUI) and re-run elaboration/synthesis.
Parsing XDC File [/home/ax/Desktop/my_work/DDAC/labs/lab2/vivado/lab2/constr/FourBitAdder_constr.xdc]
Finished Parsing XDC File [/home/ax/Desktop/my_work/DDAC/labs/lab2/vivado/lab2/constr/FourBitAdder_constr.xdc]
INFO: [Project 1-236] Implementation specific constraints were found while reading constraint file [/home/ax/Desktop/my_work/DDAC/labs/lab2/vivado/lab2/constr/FourBitAdder_constr.xdc]. These constraints will be ignored for synthesis but will be used in implementation. Impacted constraints are listed in the file [.Xil/top_propImpl.xdc].
Resolution: To avoid this warning, move constraints listed in [.Xil/top_propImpl.xdc] to another XDC file and exclude this new file from synthesis with the used_in_synthesis property (File Properties dialog in GUI) and re-run elaboration/synthesis.
Parsing XDC File [/home/ax/Desktop/my_work/DDAC/labs/lab2/vivado/lab2/constr/tmux_4_1_constr.xdc]
Finished Parsing XDC File [/home/ax/Desktop/my_work/DDAC/labs/lab2/vivado/lab2/constr/tmux_4_1_constr.xdc]
INFO: [Project 1-236] Implementation specific constraints were found while reading constraint file [/home/ax/Desktop/my_work/DDAC/labs/lab2/vivado/lab2/constr/tmux_4_1_constr.xdc]. These constraints will be ignored for synthesis but will be used in implementation. Impacted constraints are listed in the file [.Xil/top_propImpl.xdc].
Resolution: To avoid this warning, move constraints listed in [.Xil/top_propImpl.xdc] to another XDC file and exclude this new file from synthesis with the used_in_synthesis property (File Properties dialog in GUI) and re-run elaboration/synthesis.
Completed Processing XDC Constraints

Netlist sorting complete. Time (s): cpu = 00:00:00 ; elapsed = 00:00:00 . Memory (MB): peak = 2349.195 ; gain = 0.000 ; free physical = 213 ; free virtual = 15596
INFO: [Project 1-111] Unisim Transformation Summary:
No Unisim elements were transformed.

Constraint Validation Runtime : Time (s): cpu = 00:00:00 ; elapsed = 00:00:00.01 . Memory (MB): peak = 2349.195 ; gain = 0.000 ; free physical = 213 ; free virtual = 15596
INFO: [Designutils 20-5440] No compile time benefit to using incremental synthesis; A full resynthesis will be run
INFO: [Designutils 20-4379] Flow is switching to default flow due to incremental criteria not met. If you would like to alter this behaviour and have the flow terminate instead, please set the following parameter config_implementation {autoIncr.Synth.RejectBehavior Terminate}
---------------------------------------------------------------------------------
Finished Constraint Validation : Time (s): cpu = 00:00:10 ; elapsed = 00:00:10 . Memory (MB): peak = 2349.195 ; gain = 630.191 ; free physical = 181 ; free virtual = 15572
---------------------------------------------------------------------------------
---------------------------------------------------------------------------------
Start Loading Part and Timing Information
---------------------------------------------------------------------------------
Loading part: xc7a35tcpg236-1
---------------------------------------------------------------------------------
Finished Loading Part and Timing Information : Time (s): cpu = 00:00:10 ; elapsed = 00:00:10 . Memory (MB): peak = 2357.199 ; gain = 638.195 ; free physical = 181 ; free virtual = 15572
---------------------------------------------------------------------------------
---------------------------------------------------------------------------------
Start Applying 'set_property' XDC Constraints
---------------------------------------------------------------------------------
---------------------------------------------------------------------------------
Finished applying 'set_property' XDC Constraints : Time (s): cpu = 00:00:10 ; elapsed = 00:00:10 . Memory (MB): peak = 2357.199 ; gain = 638.195 ; free physical = 181 ; free virtual = 15572
---------------------------------------------------------------------------------
---------------------------------------------------------------------------------
Finished RTL Optimization Phase 2 : Time (s): cpu = 00:00:10 ; elapsed = 00:00:10 . Memory (MB): peak = 2357.199 ; gain = 638.195 ; free physical = 180 ; free virtual = 15571
---------------------------------------------------------------------------------
---------------------------------------------------------------------------------
Start RTL Component Statistics 
---------------------------------------------------------------------------------
Detailed RTL Component Info : 
+---XORs : 
	   2 Input      1 Bit         XORs := 8     
---------------------------------------------------------------------------------
Finished RTL Component Statistics 
---------------------------------------------------------------------------------
---------------------------------------------------------------------------------
Start Part Resource Summary
---------------------------------------------------------------------------------
Part Resources:
DSPs: 90 (col length:60)
BRAMs: 100 (col length: RAMB18 60 RAMB36 30)
---------------------------------------------------------------------------------
Finished Part Resource Summary
---------------------------------------------------------------------------------
---------------------------------------------------------------------------------
Start Cross Boundary and Area Optimization
---------------------------------------------------------------------------------
WARNING: [Synth 8-7080] Parallel synthesis criteria is not met
WARNING: [Synth 8-7129] Port tmuxs[2] in module top is either unconnected or has no load
---------------------------------------------------------------------------------
Finished Cross Boundary and Area Optimization : Time (s): cpu = 00:00:11 ; elapsed = 00:00:11 . Memory (MB): peak = 2357.199 ; gain = 638.195 ; free physical = 156 ; free virtual = 15551
---------------------------------------------------------------------------------
---------------------------------------------------------------------------------
Start Applying XDC Timing Constraints
---------------------------------------------------------------------------------
---------------------------------------------------------------------------------
Finished Applying XDC Timing Constraints : Time (s): cpu = 00:00:16 ; elapsed = 00:00:16 . Memory (MB): peak = 2357.199 ; gain = 638.195 ; free physical = 139 ; free virtual = 15534
---------------------------------------------------------------------------------
---------------------------------------------------------------------------------
Start Timing Optimization
---------------------------------------------------------------------------------
---------------------------------------------------------------------------------
Finished Timing Optimization : Time (s): cpu = 00:00:16 ; elapsed = 00:00:16 . Memory (MB): peak = 2357.199 ; gain = 638.195 ; free physical = 139 ; free virtual = 15534
---------------------------------------------------------------------------------
---------------------------------------------------------------------------------
Start Technology Mapping
---------------------------------------------------------------------------------
---------------------------------------------------------------------------------
Finished Technology Mapping : Time (s): cpu = 00:00:16 ; elapsed = 00:00:16 . Memory (MB): peak = 2357.199 ; gain = 638.195 ; free physical = 139 ; free virtual = 15534
---------------------------------------------------------------------------------
---------------------------------------------------------------------------------
Start IO Insertion
---------------------------------------------------------------------------------
---------------------------------------------------------------------------------
Start Flattening Before IO Insertion
---------------------------------------------------------------------------------
---------------------------------------------------------------------------------
Finished Flattening Before IO Insertion
---------------------------------------------------------------------------------
---------------------------------------------------------------------------------
Start Final Netlist Cleanup
---------------------------------------------------------------------------------
---------------------------------------------------------------------------------
Finished Final Netlist Cleanup
---------------------------------------------------------------------------------
---------------------------------------------------------------------------------
Finished IO Insertion : Time (s): cpu = 00:00:19 ; elapsed = 00:00:19 . Memory (MB): peak = 2357.199 ; gain = 638.195 ; free physical = 141 ; free virtual = 15536
---------------------------------------------------------------------------------
---------------------------------------------------------------------------------
Start Renaming Generated Instances
---------------------------------------------------------------------------------
---------------------------------------------------------------------------------
Finished Renaming Generated Instances : Time (s): cpu = 00:00:19 ; elapsed = 00:00:19 . Memory (MB): peak = 2357.199 ; gain = 638.195 ; free physical = 141 ; free virtual = 15536
---------------------------------------------------------------------------------
---------------------------------------------------------------------------------
Start Rebuilding User Hierarchy
---------------------------------------------------------------------------------
---------------------------------------------------------------------------------
Finished Rebuilding User Hierarchy : Time (s): cpu = 00:00:19 ; elapsed = 00:00:19 . Memory (MB): peak = 2357.199 ; gain = 638.195 ; free physical = 141 ; free virtual = 15536
---------------------------------------------------------------------------------
---------------------------------------------------------------------------------
Start Renaming Generated Ports
---------------------------------------------------------------------------------
---------------------------------------------------------------------------------
Finished Renaming Generated Ports : Time (s): cpu = 00:00:19 ; elapsed = 00:00:19 . Memory (MB): peak = 2357.199 ; gain = 638.195 ; free physical = 141 ; free virtual = 15536
---------------------------------------------------------------------------------
---------------------------------------------------------------------------------
Start Handling Custom Attributes
---------------------------------------------------------------------------------
---------------------------------------------------------------------------------
Finished Handling Custom Attributes : Time (s): cpu = 00:00:19 ; elapsed = 00:00:19 . Memory (MB): peak = 2357.199 ; gain = 638.195 ; free physical = 141 ; free virtual = 15536
---------------------------------------------------------------------------------
---------------------------------------------------------------------------------
Start Renaming Generated Nets
---------------------------------------------------------------------------------
---------------------------------------------------------------------------------
Finished Renaming Generated Nets : Time (s): cpu = 00:00:19 ; elapsed = 00:00:19 . Memory (MB): peak = 2357.199 ; gain = 638.195 ; free physical = 141 ; free virtual = 15536
---------------------------------------------------------------------------------
---------------------------------------------------------------------------------
Start Writing Synthesis Report
---------------------------------------------------------------------------------

Report BlackBoxes: 
+-+--------------+----------+
| |BlackBox name |Instances |
+-+--------------+----------+
+-+--------------+----------+

Report Cell Usage: 
+------+-----+------+
|      |Cell |Count |
+------+-----+------+
|1     |LUT2 |     5|
|2     |LUT3 |     2|
|3     |LUT4 |     1|
|4     |LUT6 |     3|
|5     |IBUF |    12|
|6     |OBUF |    10|
+------+-----+------+
---------------------------------------------------------------------------------
Finished Writing Synthesis Report : Time (s): cpu = 00:00:19 ; elapsed = 00:00:19 . Memory (MB): peak = 2357.199 ; gain = 638.195 ; free physical = 141 ; free virtual = 15536
---------------------------------------------------------------------------------
Synthesis finished with 0 errors, 0 critical warnings and 2 warnings.
Synthesis Optimization Runtime : Time (s): cpu = 00:00:18 ; elapsed = 00:00:18 . Memory (MB): peak = 2357.199 ; gain = 510.445 ; free physical = 140 ; free virtual = 15536
Synthesis Optimization Complete : Time (s): cpu = 00:00:19 ; elapsed = 00:00:19 . Memory (MB): peak = 2357.207 ; gain = 638.195 ; free physical = 140 ; free virtual = 15536
INFO: [Project 1-571] Translating synthesized netlist
Netlist sorting complete. Time (s): cpu = 00:00:00 ; elapsed = 00:00:00 . Memory (MB): peak = 2357.207 ; gain = 0.000 ; free physical = 140 ; free virtual = 15536
INFO: [Project 1-570] Preparing netlist for logic optimization
INFO: [Opt 31-138] Pushed 0 inverter(s) to 0 load pin(s).
Netlist sorting complete. Time (s): cpu = 00:00:00 ; elapsed = 00:00:00 . Memory (MB): peak = 2413.227 ; gain = 0.000 ; free physical = 444 ; free virtual = 15840
INFO: [Project 1-111] Unisim Transformation Summary:
No Unisim elements were transformed.

Synth Design complete | Checksum: 85473b80
INFO: [Common 17-83] Releasing license: Synthesis
34 Infos, 4 Warnings, 0 Critical Warnings and 0 Errors encountered.
synth_design completed successfully
synth_design: Time (s): cpu = 00:00:26 ; elapsed = 00:00:23 . Memory (MB): peak = 2413.227 ; gain = 1033.168 ; free physical = 444 ; free virtual = 15840
INFO: [Common 17-2834] synth_design peak Physical Memory [PSS] (MB): overall = 1861.878; main = 1548.471; forked = 393.598
INFO: [Common 17-2834] synth_design peak Virtual Memory [VSS] (MB): overall = 3390.500; main = 2413.230; forked = 1041.301
Write ShapeDB Complete: Time (s): cpu = 00:00:00 ; elapsed = 00:00:00 . Memory (MB): peak = 2437.238 ; gain = 0.000 ; free physical = 444 ; free virtual = 15840
INFO: [Common 17-1381] The checkpoint '/home/ax/Desktop/my_work/DDAC/labs/lab2/vivado/lab2/bitstream/synth_1/top.dcp' has been generated.
INFO: [Vivado 12-24828] Executing command : report_utilization -file top_utilization_synth.rpt -pb top_utilization_synth.pb
INFO: [Common 17-206] Exiting Vivado at Sun Jun 30 21:34:30 2024...
